# JRE version: OpenJDK Runtime Environment (11.0.12+7) (build 11.0.12+7-b1504.28-7817840)
# Java VM: OpenJDK 64-Bit Server VM (11.0.12+7-b1504.28-7817840, mixed mode, tiered, compressed oops, g1 gc, windows-amd64)
Heap:
 garbage-first heap   total 290816K, used 165604K [0x0000000080000000, 0x0000000100000000)
  region size 1024K, 1 young (1024K), 1 survivors (1024K)
 Metaspace       used 90079K, capacity 92329K, committed 92544K, reserved 1130496K
  class space    used 11615K, capacity 12415K, committed 12416K, reserved 1048576K
GC Heap History (20 events):
Event: 79.300 GC heap after
{Heap after GC invocations=35 (full 0):
 garbage-first heap   total 157696K, used 121545K [0x0000000080000000, 0x0000000100000000)
  region size 1024K, 1 young (1024K), 1 survivors (1024K)
 Metaspace       used 88816K, capacity 91098K, committed 91392K, reserved 1128448K
  class space    used 11443K, capacity 12237K, committed 12288K, reserved 1048576K
}
Event: 79.503 GC heap before
{Heap before GC invocations=35 (full 0):
 garbage-first heap   total 157696K, used 124617K [0x0000000080000000, 0x0000000100000000)
  region size 1024K, 6 young (6144K), 1 survivors (1024K)
 Metaspace       used 89841K, capacity 92129K, committed 92288K, reserved 1128448K
  class space    used 11592K, capacity 12413K, committed 12416K, reserved 1048576K
}
Event: 79.506 GC heap after
{Heap after GC invocations=36 (full 0):
 garbage-first heap   total 157696K, used 122152K [0x0000000080000000, 0x0000000100000000)
  region size 1024K, 1 young (1024K), 1 survivors (1024K)
 Metaspace       used 89841K, capacity 92129K, committed 92288K, reserved 1128448K
  class space    used 11592K, capacity 12413K, committed 12416K, reserved 1048576K
}
Event: 79.521 GC heap before
{Heap before GC invocations=36 (full 0):
 garbage-first heap   total 157696K, used 145704K [0x0000000080000000, 0x0000000100000000)
  region size 1024K, 12 young (12288K), 1 survivors (1024K)
 Metaspace       used 89846K, capacity 92129K, committed 92288K, reserved 1128448K
  class space    used 11592K, capacity 12413K, committed 12416K, reserved 1048576K
}
Event: 79.524 GC heap after
{Heap after GC invocations=37 (full 0):
 garbage-first heap   total 157696K, used 132625K [0x0000000080000000, 0x0000000100000000)
  region size 1024K, 2 young (2048K), 2 survivors (2048K)
 Metaspace       used 89846K, capacity 92129K, committed 92288K, reserved 1128448K
  class space    used 11592K, capacity 12413K, committed 12416K, reserved 1048576K
}
Event: 79.529 GC heap before
{Heap before GC invocations=37 (full 0):
 garbage-first heap   total 157696K, used 136721K [0x0000000080000000, 0x0000000100000000)
  region size 1024K, 7 young (7168K), 2 survivors (2048K)
 Metaspace       used 89847K, capacity 92129K, committed 92288K, reserved 1128448K
  class space    used 11592K, capacity 12413K, committed 12416K, reserved 1048576K
}
Event: 79.532 GC heap after
{Heap after GC invocations=38 (full 0):
 garbage-first heap   total 157696K, used 134786K [0x0000000080000000, 0x0000000100000000)
  region size 1024K, 1 young (1024K), 1 survivors (1024K)
 Metaspace       used 89847K, capacity 92129K, committed 92288K, reserved 1128448K
  class space    used 11592K, capacity 12413K, committed 12416K, reserved 1048576K
}
Event: 79.544 GC heap before
{Heap before GC invocations=38 (full 0):
 garbage-first heap   total 163840K, used 159362K [0x0000000080000000, 0x0000000100000000)
  region size 1024K, 7 young (7168K), 1 survivors (1024K)
 Metaspace       used 89848K, capacity 92129K, committed 92288K, reserved 1128448K
  class space    used 11592K, capacity 12413K, committed 12416K, reserved 1048576K
}
Event: 79.545 GC heap after
{Heap after GC invocations=39 (full 0):
 garbage-first heap   total 163840K, used 143963K [0x0000000080000000, 0x0000000100000000)
  region size 1024K, 1 young (1024K), 1 survivors (1024K)
 Metaspace       used 89848K, capacity 92129K, committed 92288K, reserved 1128448K
  class space    used 11592K, capacity 12413K, committed 12416K, reserved 1048576K
}
Event: 79.649 GC heap before
{Heap before GC invocations=39 (full 0):
 garbage-first heap   total 163840K, used 150107K [0x0000000080000000, 0x0000000100000000)
  region size 1024K, 8 young (8192K), 1 survivors (1024K)
 Metaspace       used 90064K, capacity 92329K, committed 92544K, reserved 1130496K
  class space    used 11615K, capacity 12415K, committed 12416K, reserved 1048576K
}
Event: 79.654 GC heap after
{Heap after GC invocations=40 (full 0):
 garbage-first heap   total 163840K, used 147906K [0x0000000080000000, 0x0000000100000000)
  region size 1024K, 1 young (1024K), 1 survivors (1024K)
 Metaspace       used 90064K, capacity 92329K, committed 92544K, reserved 1130496K
  class space    used 11615K, capacity 12415K, committed 12416K, reserved 1048576K
}
Event: 79.738 GC heap before
{Heap before GC invocations=40 (full 0):
 garbage-first heap   total 163840K, used 154050K [0x0000000080000000, 0x0000000100000000)
  region size 1024K, 8 young (8192K), 1 survivors (1024K)
 Metaspace       used 90077K, capacity 92329K, committed 92544K, reserved 1130496K
  class space    used 11615K, capacity 12415K, committed 12416K, reserved 1048576K
}
Event: 79.746 GC heap after
{Heap after GC invocations=41 (full 0):
 garbage-first heap   total 163840K, used 150967K [0x0000000080000000, 0x0000000100000000)
  region size 1024K, 1 young (1024K), 1 survivors (1024K)
 Metaspace       used 90077K, capacity 92329K, committed 92544K, reserved 1130496K
  class space    used 11615K, capacity 12415K, committed 12416K, reserved 1048576K
}
Event: 79.794 GC heap before
{Heap before GC invocations=41 (full 0):
 garbage-first heap   total 163840K, used 158135K [0x0000000080000000, 0x0000000100000000)
  region size 1024K, 8 young (8192K), 1 survivors (1024K)
 Metaspace       used 90078K, capacity 92329K, committed 92544K, reserved 1130496K
  class space    used 11615K, capacity 12415K, committed 12416K, reserved 1048576K
}
Event: 79.805 GC heap after
{Heap after GC invocations=42 (full 0):
 garbage-first heap   total 163840K, used 154341K [0x0000000080000000, 0x0000000100000000)
  region size 1024K, 1 young (1024K), 1 survivors (1024K)
 Metaspace       used 90078K, capacity 92329K, committed 92544K, reserved 1130496K
  class space    used 11615K, capacity 12415K, committed 12416K, reserved 1048576K
}
Event: 79.865 GC heap before
{Heap before GC invocations=42 (full 0):
 garbage-first heap   total 163840K, used 160485K [0x0000000080000000, 0x0000000100000000)
  region size 1024K, 8 young (8192K), 1 survivors (1024K)
 Metaspace       used 90078K, capacity 92329K, committed 92544K, reserved 1130496K
  class space    used 11615K, capacity 12415K, committed 12416K, reserved 1048576K
}
Event: 79.879 GC heap after
{Heap after GC invocations=43 (full 0):
 garbage-first heap   total 165888K, used 157696K [0x0000000080000000, 0x0000000100000000)
  region size 1024K, 1 young (1024K), 1 survivors (1024K)
 Metaspace       used 90078K, capacity 92329K, committed 92544K, reserved 1130496K
  class space    used 11615K, capacity 12415K, committed 12416K, reserved 1048576K
}
Event: 79.921 GC heap before
{Heap before GC invocations=43 (full 0):
 garbage-first heap   total 165888K, used 165888K [0x0000000080000000, 0x0000000100000000)
  region size 1024K, 8 young (8192K), 1 survivors (1024K)
 Metaspace       used 90079K, capacity 92329K, committed 92544K, reserved 1130496K
  class space    used 11615K, capacity 12415K, committed 12416K, reserved 1048576K
}
Event: 79.935 GC heap after
{Heap after GC invocations=44 (full 0):
 garbage-first heap   total 169984K, used 161725K [0x0000000080000000, 0x0000000100000000)
  region size 1024K, 1 young (1024K), 1 survivors (1024K)
 Metaspace       used 90079K, capacity 92329K, committed 92544K, reserved 1130496K
  class space    used 11615K, capacity 12415K, committed 12416K, reserved 1048576K
}
Event: 79.991 GC heap before
{Heap before GC invocations=44 (full 0):
 garbage-first heap   total 169984K, used 169917K [0x0000000080000000, 0x0000000100000000)
  region size 1024K, 8 young (8192K), 1 survivors (1024K)
 Metaspace       used 90079K, capacity 92329K, committed 92544K, reserved 1130496K
  class space    used 11615K, capacity 12415K, committed 12416K, reserved 1048576K
}

