# JRE version: OpenJDK Runtime Environment (11.0.12+7) (build 11.0.12+7-b1504.28-7817840)
# Java VM: OpenJDK 64-Bit Server VM (11.0.12+7-b1504.28-7817840, mixed mode, tiered, compressed oops, g1 gc, windows-amd64)
Heap:
 garbage-first heap   total 576512K, used 126936K [0x0000000080000000, 0x0000000100000000)
  region size 1024K, 2 young (2048K), 2 survivors (2048K)
 Metaspace       used 122376K, capacity 125695K, committed 126540K, reserved 1159168K
  class space    used 15309K, capacity 16562K, committed 16844K, reserved 1048576K
GC Heap History (20 events):
Event: 11301.946 GC heap after
{Heap after GC invocations=132 (full 0):
 garbage-first heap   total 227328K, used 103864K [0x0000000080000000, 0x0000000100000000)
  region size 1024K, 3 young (3072K), 3 survivors (3072K)
 Metaspace       used 121785K, capacity 125017K, committed 126284K, reserved 1159168K
  class space    used 15256K, capacity 16471K, committed 16844K, reserved 1048576K
}
Event: 11304.505 GC heap before
{Heap before GC invocations=133 (full 0):
 garbage-first heap   total 227328K, used 120248K [0x0000000080000000, 0x0000000100000000)
  region size 1024K, 20 young (20480K), 3 survivors (3072K)
 Metaspace       used 121864K, capacity 125059K, committed 126284K, reserved 1159168K
  class space    used 15265K, capacity 16486K, committed 16844K, reserved 1048576K
}
Event: 11304.617 GC heap after
{Heap after GC invocations=134 (full 0):
 garbage-first heap   total 227328K, used 105653K [0x0000000080000000, 0x0000000100000000)
  region size 1024K, 2 young (2048K), 2 survivors (2048K)
 Metaspace       used 121864K, capacity 125059K, committed 126284K, reserved 1159168K
  class space    used 15265K, capacity 16486K, committed 16844K, reserved 1048576K
}
Event: 11305.291 GC heap before
{Heap before GC invocations=134 (full 0):
 garbage-first heap   total 227328K, used 114869K [0x0000000080000000, 0x0000000100000000)
  region size 1024K, 11 young (11264K), 2 survivors (2048K)
 Metaspace       used 121980K, capacity 125198K, committed 126284K, reserved 1159168K
  class space    used 15280K, capacity 16512K, committed 16844K, reserved 1048576K
}
Event: 11305.358 GC heap after
{Heap after GC invocations=135 (full 0):
 garbage-first heap   total 227328K, used 106791K [0x0000000080000000, 0x0000000100000000)
  region size 1024K, 2 young (2048K), 2 survivors (2048K)
 Metaspace       used 121980K, capacity 125198K, committed 126284K, reserved 1159168K
  class space    used 15280K, capacity 16512K, committed 16844K, reserved 1048576K
}
Event: 11313.480 GC heap before
{Heap before GC invocations=135 (full 0):
 garbage-first heap   total 227328K, used 126247K [0x0000000080000000, 0x0000000100000000)
  region size 1024K, 22 young (22528K), 2 survivors (2048K)
 Metaspace       used 122011K, capacity 125222K, committed 126284K, reserved 1159168K
  class space    used 15283K, capacity 16516K, committed 16844K, reserved 1048576K
}
Event: 11313.631 GC heap after
{Heap after GC invocations=136 (full 0):
 garbage-first heap   total 227328K, used 108752K [0x0000000080000000, 0x0000000100000000)
  region size 1024K, 3 young (3072K), 3 survivors (3072K)
 Metaspace       used 122011K, capacity 125222K, committed 126284K, reserved 1159168K
  class space    used 15283K, capacity 16516K, committed 16844K, reserved 1048576K
}
Event: 11315.000 GC heap before
{Heap before GC invocations=137 (full 0):
 garbage-first heap   total 227328K, used 130256K [0x0000000080000000, 0x0000000100000000)
  region size 1024K, 24 young (24576K), 3 survivors (3072K)
 Metaspace       used 122059K, capacity 125333K, committed 126284K, reserved 1159168K
  class space    used 15286K, capacity 16523K, committed 16844K, reserved 1048576K
}
Event: 11315.103 GC heap after
{Heap after GC invocations=138 (full 0):
 garbage-first heap   total 227328K, used 111418K [0x0000000080000000, 0x0000000100000000)
  region size 1024K, 3 young (3072K), 3 survivors (3072K)
 Metaspace       used 122059K, capacity 125333K, committed 126284K, reserved 1159168K
  class space    used 15286K, capacity 16523K, committed 16844K, reserved 1048576K
}
Event: 11322.695 GC heap before
{Heap before GC invocations=138 (full 0):
 garbage-first heap   total 227328K, used 118586K [0x0000000080000000, 0x0000000100000000)
  region size 1024K, 11 young (11264K), 3 survivors (3072K)
 Metaspace       used 122065K, capacity 125339K, committed 126284K, reserved 1159168K
  class space    used 15287K, capacity 16525K, committed 16844K, reserved 1048576K
}
Event: 11322.772 GC heap after
{Heap after GC invocations=139 (full 0):
 garbage-first heap   total 227328K, used 112054K [0x0000000080000000, 0x0000000100000000)
  region size 1024K, 2 young (2048K), 2 survivors (2048K)
 Metaspace       used 122065K, capacity 125339K, committed 126284K, reserved 1159168K
  class space    used 15287K, capacity 16525K, committed 16844K, reserved 1048576K
}
Event: 11322.871 GC heap before
{Heap before GC invocations=139 (full 0):
 garbage-first heap   total 227328K, used 112054K [0x0000000080000000, 0x0000000100000000)
  region size 1024K, 3 young (3072K), 2 survivors (2048K)
 Metaspace       used 122066K, capacity 125339K, committed 126284K, reserved 1159168K
  class space    used 15287K, capacity 16525K, committed 16844K, reserved 1048576K
}
Event: 11323.024 GC heap after
{Heap after GC invocations=140 (full 0):
 garbage-first heap   total 306176K, used 112075K [0x0000000080000000, 0x0000000100000000)
  region size 1024K, 2 young (2048K), 2 survivors (2048K)
 Metaspace       used 122066K, capacity 125339K, committed 126284K, reserved 1159168K
  class space    used 15287K, capacity 16525K, committed 16844K, reserved 1048576K
}
Event: 11325.086 GC heap before
{Heap before GC invocations=141 (full 0):
 garbage-first heap   total 306176K, used 126411K [0x0000000080000000, 0x0000000100000000)
  region size 1024K, 14 young (14336K), 2 survivors (2048K)
 Metaspace       used 122064K, capacity 125333K, committed 126284K, reserved 1159168K
  class space    used 15286K, capacity 16524K, committed 16844K, reserved 1048576K
}
Event: 11325.253 GC heap after
{Heap after GC invocations=142 (full 0):
 garbage-first heap   total 306176K, used 117940K [0x0000000080000000, 0x0000000100000000)
  region size 1024K, 2 young (2048K), 2 survivors (2048K)
 Metaspace       used 122064K, capacity 125333K, committed 126284K, reserved 1159168K
  class space    used 15286K, capacity 16524K, committed 16844K, reserved 1048576K
}
Event: 11328.155 GC heap before
{Heap before GC invocations=142 (full 0):
 garbage-first heap   total 306176K, used 130228K [0x0000000080000000, 0x0000000100000000)
  region size 1024K, 14 young (14336K), 2 survivors (2048K)
 Metaspace       used 122064K, capacity 125333K, committed 126284K, reserved 1159168K
  class space    used 15286K, capacity 16524K, committed 16844K, reserved 1048576K
}
Event: 11328.369 GC heap after
{Heap after GC invocations=143 (full 0):
 garbage-first heap   total 306176K, used 121200K [0x0000000080000000, 0x0000000100000000)
  region size 1024K, 2 young (2048K), 2 survivors (2048K)
 Metaspace       used 122064K, capacity 125333K, committed 126284K, reserved 1159168K
  class space    used 15286K, capacity 16524K, committed 16844K, reserved 1048576K
}
Event: 11329.685 GC heap before
{Heap before GC invocations=144 (full 0):
 garbage-first heap   total 306176K, used 133488K [0x0000000080000000, 0x0000000100000000)
  region size 1024K, 14 young (14336K), 2 survivors (2048K)
 Metaspace       used 122330K, capacity 125631K, committed 126540K, reserved 1159168K
  class space    used 15309K, capacity 16562K, committed 16844K, reserved 1048576K
}
Event: 11330.161 GC heap after
{Heap after GC invocations=145 (full 0):
 garbage-first heap   total 306176K, used 124516K [0x0000000080000000, 0x0000000100000000)
  region size 1024K, 2 young (2048K), 2 survivors (2048K)
 Metaspace       used 122330K, capacity 125631K, committed 126540K, reserved 1159168K
  class space    used 15309K, capacity 16562K, committed 16844K, reserved 1048576K
}
Event: 11330.950 GC heap before
{Heap before GC invocations=145 (full 0):
 garbage-first heap   total 306176K, used 136804K [0x0000000080000000, 0x0000000100000000)
  region size 1024K, 14 young (14336K), 2 survivors (2048K)
 Metaspace       used 122376K, capacity 125695K, committed 126540K, reserved 1159168K
  class space    used 15309K, capacity 16562K, committed 16844K, reserved 1048576K
}

